\BOOKMARK [0][-]{chapter.1}{\376\377\0001\000\040\000P\000r\000o\000j\000e\000t\000o\000\040\000F\000i\000n\000a\000l\000\040\000-\000\040\000P\000r\000o\000g\000r\000a\000m\000a\000\347\000\343\000o\000\040\000e\000\040\000D\000e\000s\000e\000n\000v\000o\000l\000v\000i\000m\000e\000n\000t\000o\000\040\000d\000e\000\040\000S\000o\000f\000t\000w\000a\000r\000e\000\040\0002}{}% 1
\BOOKMARK [1][-]{section.1.1}{\376\377\0001\000.\0001\000\040\000V\000i\000s\000\343\000o\000\040\000G\000e\000r\000a\000l}{chapter.1}% 2
\BOOKMARK [1][-]{section.1.2}{\376\377\0001\000.\0002\000\040\000D\000e\000s\000e\000n\000v\000o\000l\000v\000i\000m\000e\000n\000t\000o\000\040\000d\000o\000\040\000P\000r\000o\000j\000e\000t\000o}{chapter.1}% 3
\BOOKMARK [1][-]{section.1.3}{\376\377\0001\000.\0003\000\040\000F\000u\000n\000c\000i\000o\000n\000a\000l\000i\000d\000a\000d\000e\000s\000\040\000d\000o\000\040\000S\000i\000s\000t\000e\000m\000a}{chapter.1}% 4
\BOOKMARK [2][-]{subsection.1.3.1}{\376\377\0001\000.\0003\000.\0001\000\040\000J\000o\000g\000o\000s\000\040\000I\000m\000p\000l\000e\000m\000e\000n\000t\000a\000d\000o\000s}{section.1.3}% 5
\BOOKMARK [2][-]{subsection.1.3.2}{\376\377\0001\000.\0003\000.\0002\000\040\000I\000A\000\040\000e\000\040\000J\000o\000g\000a\000b\000i\000l\000i\000d\000a\000d\000e}{section.1.3}% 6
\BOOKMARK [2][-]{subsection.1.3.3}{\376\377\0001\000.\0003\000.\0003\000\040\000E\000x\000t\000e\000n\000s\000\365\000e\000s\000\040\000A\000d\000i\000c\000i\000o\000n\000a\000i\000s}{section.1.3}% 7
\BOOKMARK [1][-]{section.1.4}{\376\377\0001\000.\0004\000\040\000D\000o\000c\000u\000m\000e\000n\000t\000a\000\347\000\343\000o\000\040\000e\000\040\000T\000e\000s\000t\000e\000s}{chapter.1}% 8
\BOOKMARK [1][-]{section.1.5}{\376\377\0001\000.\0005\000\040\000C\000o\000n\000c\000l\000u\000s\000\343\000o}{chapter.1}% 9
\BOOKMARK [0][-]{chapter.2}{\376\377\0002\000\040\000H\000i\000e\000r\000a\000r\000c\000h\000i\000c\000a\000l\000\040\000I\000n\000d\000e\000x}{}% 10
\BOOKMARK [1][-]{section.2.1}{\376\377\0002\000.\0001\000\040\000C\000l\000a\000s\000s\000\040\000H\000i\000e\000r\000a\000r\000c\000h\000y}{chapter.2}% 11
\BOOKMARK [0][-]{chapter.3}{\376\377\0003\000\040\000C\000l\000a\000s\000s\000\040\000I\000n\000d\000e\000x}{}% 12
\BOOKMARK [1][-]{section.3.1}{\376\377\0003\000.\0001\000\040\000C\000l\000a\000s\000s\000\040\000L\000i\000s\000t}{chapter.3}% 13
\BOOKMARK [0][-]{chapter.4}{\376\377\0004\000\040\000F\000i\000l\000e\000\040\000I\000n\000d\000e\000x}{}% 14
\BOOKMARK [1][-]{section.4.1}{\376\377\0004\000.\0001\000\040\000F\000i\000l\000e\000\040\000L\000i\000s\000t}{chapter.4}% 15
\BOOKMARK [0][-]{chapter.5}{\376\377\0005\000\040\000C\000l\000a\000s\000s\000\040\000D\000o\000c\000u\000m\000e\000n\000t\000a\000t\000i\000o\000n}{}% 16
\BOOKMARK [1][-]{section.5.1}{\376\377\0005\000.\0001\000\040\000C\000a\000d\000a\000s\000t\000r\000o\000J\000o\000g\000a\000d\000o\000r\000e\000s\000\040\000C\000l\000a\000s\000s\000\040\000R\000e\000f\000e\000r\000e\000n\000c\000e}{chapter.5}% 17
\BOOKMARK [2][-]{subsection.5.1.1}{\376\377\0005\000.\0001\000.\0001\000\040\000D\000e\000t\000a\000i\000l\000e\000d\000\040\000D\000e\000s\000c\000r\000i\000p\000t\000i\000o\000n}{section.5.1}% 18
\BOOKMARK [2][-]{subsection.5.1.2}{\376\377\0005\000.\0001\000.\0002\000\040\000M\000e\000m\000b\000e\000r\000\040\000F\000u\000n\000c\000t\000i\000o\000n\000\040\000D\000o\000c\000u\000m\000e\000n\000t\000a\000t\000i\000o\000n}{section.5.1}% 19
\BOOKMARK [3][-]{subsubsection.5.1.2.1}{\376\377\0005\000.\0001\000.\0002\000.\0001\000\040\000b\000u\000s\000c\000a\000r\000J\000o\000g\000a\000d\000o\000r\000\050\000\051}{subsection.5.1.2}% 20
\BOOKMARK [3][-]{subsubsection.5.1.2.2}{\376\377\0005\000.\0001\000.\0002\000.\0002\000\040\000c\000a\000d\000a\000s\000t\000r\000a\000r\000J\000o\000g\000a\000d\000o\000r\000\050\000\051}{subsection.5.1.2}% 21
\BOOKMARK [3][-]{subsubsection.5.1.2.3}{\376\377\0005\000.\0001\000.\0002\000.\0003\000\040\000l\000i\000s\000t\000a\000r\000J\000o\000g\000a\000d\000o\000r\000e\000s\000\050\000\051}{subsection.5.1.2}% 22
\BOOKMARK [3][-]{subsubsection.5.1.2.4}{\376\377\0005\000.\0001\000.\0002\000.\0004\000\040\000r\000e\000m\000o\000v\000e\000r\000J\000o\000g\000a\000d\000o\000r\000\050\000\051}{subsection.5.1.2}% 23
\BOOKMARK [1][-]{section.5.2}{\376\377\0005\000.\0002\000\040\000I\000A\000\040\000C\000l\000a\000s\000s\000\040\000R\000e\000f\000e\000r\000e\000n\000c\000e}{chapter.5}% 24
\BOOKMARK [2][-]{subsection.5.2.1}{\376\377\0005\000.\0002\000.\0001\000\040\000D\000e\000t\000a\000i\000l\000e\000d\000\040\000D\000e\000s\000c\000r\000i\000p\000t\000i\000o\000n}{section.5.2}% 25
\BOOKMARK [2][-]{subsection.5.2.2}{\376\377\0005\000.\0002\000.\0002\000\040\000C\000o\000n\000s\000t\000r\000u\000c\000t\000o\000r\000\040\000\046\000\040\000D\000e\000s\000t\000r\000u\000c\000t\000o\000r\000\040\000D\000o\000c\000u\000m\000e\000n\000t\000a\000t\000i\000o\000n}{section.5.2}% 26
\BOOKMARK [3][-]{subsubsection.5.2.2.1}{\376\377\0005\000.\0002\000.\0002\000.\0001\000\040\000I\000A\000\050\000\051}{subsection.5.2.2}% 27
\BOOKMARK [2][-]{subsection.5.2.3}{\376\377\0005\000.\0002\000.\0003\000\040\000M\000e\000m\000b\000e\000r\000\040\000F\000u\000n\000c\000t\000i\000o\000n\000\040\000D\000o\000c\000u\000m\000e\000n\000t\000a\000t\000i\000o\000n}{section.5.2}% 28
\BOOKMARK [3][-]{subsubsection.5.2.3.1}{\376\377\0005\000.\0002\000.\0003\000.\0001\000\040\000c\000a\000l\000c\000u\000l\000a\000r\000J\000o\000g\000a\000d\000a\000\050\000\051}{subsection.5.2.3}% 29
\BOOKMARK [1][-]{section.5.3}{\376\377\0005\000.\0003\000\040\000J\000o\000g\000a\000d\000o\000r\000\040\000C\000l\000a\000s\000s\000\040\000R\000e\000f\000e\000r\000e\000n\000c\000e}{chapter.5}% 30
\BOOKMARK [2][-]{subsection.5.3.1}{\376\377\0005\000.\0003\000.\0001\000\040\000D\000e\000t\000a\000i\000l\000e\000d\000\040\000D\000e\000s\000c\000r\000i\000p\000t\000i\000o\000n}{section.5.3}% 31
\BOOKMARK [2][-]{subsection.5.3.2}{\376\377\0005\000.\0003\000.\0002\000\040\000C\000o\000n\000s\000t\000r\000u\000c\000t\000o\000r\000\040\000\046\000\040\000D\000e\000s\000t\000r\000u\000c\000t\000o\000r\000\040\000D\000o\000c\000u\000m\000e\000n\000t\000a\000t\000i\000o\000n}{section.5.3}% 32
\BOOKMARK [3][-]{subsubsection.5.3.2.1}{\376\377\0005\000.\0003\000.\0002\000.\0001\000\040\000J\000o\000g\000a\000d\000o\000r\000\050\000\051}{subsection.5.3.2}% 33
\BOOKMARK [2][-]{subsection.5.3.3}{\376\377\0005\000.\0003\000.\0003\000\040\000M\000e\000m\000b\000e\000r\000\040\000F\000u\000n\000c\000t\000i\000o\000n\000\040\000D\000o\000c\000u\000m\000e\000n\000t\000a\000t\000i\000o\000n}{section.5.3}% 34
\BOOKMARK [3][-]{subsubsection.5.3.3.1}{\376\377\0005\000.\0003\000.\0003\000.\0001\000\040\000a\000d\000i\000c\000i\000o\000n\000a\000r\000D\000e\000r\000r\000o\000t\000a\000\050\000\051}{subsection.5.3.3}% 35
\BOOKMARK [3][-]{subsubsection.5.3.3.2}{\376\377\0005\000.\0003\000.\0003\000.\0002\000\040\000a\000d\000i\000c\000i\000o\000n\000a\000r\000V\000i\000t\000o\000r\000i\000a\000\050\000\051}{subsection.5.3.3}% 36
\BOOKMARK [3][-]{subsubsection.5.3.3.3}{\376\377\0005\000.\0003\000.\0003\000.\0003\000\040\000g\000e\000t\000A\000p\000e\000l\000i\000d\000o\000\050\000\051}{subsection.5.3.3}% 37
\BOOKMARK [3][-]{subsubsection.5.3.3.4}{\376\377\0005\000.\0003\000.\0003\000.\0004\000\040\000g\000e\000t\000N\000o\000m\000e\000\050\000\051}{subsection.5.3.3}% 38
\BOOKMARK [3][-]{subsubsection.5.3.3.5}{\376\377\0005\000.\0003\000.\0003\000.\0005\000\040\000i\000m\000p\000r\000i\000m\000i\000r\000E\000s\000t\000a\000t\000i\000s\000t\000i\000c\000a\000s\000\050\000\051}{subsection.5.3.3}% 39
\BOOKMARK [1][-]{section.5.4}{\376\377\0005\000.\0004\000\040\000J\000o\000g\000o\000\040\000C\000l\000a\000s\000s\000\040\000R\000e\000f\000e\000r\000e\000n\000c\000e}{chapter.5}% 40
\BOOKMARK [2][-]{subsection.5.4.1}{\376\377\0005\000.\0004\000.\0001\000\040\000D\000e\000t\000a\000i\000l\000e\000d\000\040\000D\000e\000s\000c\000r\000i\000p\000t\000i\000o\000n}{section.5.4}% 41
\BOOKMARK [2][-]{subsection.5.4.2}{\376\377\0005\000.\0004\000.\0002\000\040\000C\000o\000n\000s\000t\000r\000u\000c\000t\000o\000r\000\040\000\046\000\040\000D\000e\000s\000t\000r\000u\000c\000t\000o\000r\000\040\000D\000o\000c\000u\000m\000e\000n\000t\000a\000t\000i\000o\000n}{section.5.4}% 42
\BOOKMARK [3][-]{subsubsection.5.4.2.1}{\376\377\0005\000.\0004\000.\0002\000.\0001\000\040\000\040\000J\000o\000g\000o\000\050\000\051}{subsection.5.4.2}% 43
\BOOKMARK [2][-]{subsection.5.4.3}{\376\377\0005\000.\0004\000.\0003\000\040\000M\000e\000m\000b\000e\000r\000\040\000F\000u\000n\000c\000t\000i\000o\000n\000\040\000D\000o\000c\000u\000m\000e\000n\000t\000a\000t\000i\000o\000n}{section.5.4}% 44
\BOOKMARK [3][-]{subsubsection.5.4.3.1}{\376\377\0005\000.\0004\000.\0003\000.\0001\000\040\000e\000m\000p\000a\000t\000e\000P\000a\000r\000t\000i\000d\000a\000\050\000\051}{subsection.5.4.3}% 45
\BOOKMARK [3][-]{subsubsection.5.4.3.2}{\376\377\0005\000.\0004\000.\0003\000.\0002\000\040\000g\000e\000t\000A\000l\000t\000u\000r\000a\000\050\000\051}{subsection.5.4.3}% 46
\BOOKMARK [3][-]{subsubsection.5.4.3.3}{\376\377\0005\000.\0004\000.\0003\000.\0003\000\040\000g\000e\000t\000L\000a\000r\000g\000u\000r\000a\000\050\000\051}{subsection.5.4.3}% 47
\BOOKMARK [3][-]{subsubsection.5.4.3.4}{\376\377\0005\000.\0004\000.\0003\000.\0004\000\040\000i\000m\000p\000r\000i\000m\000i\000r\000T\000a\000b\000u\000l\000e\000i\000r\000o\000\050\000\051}{subsection.5.4.3}% 48
\BOOKMARK [3][-]{subsubsection.5.4.3.5}{\376\377\0005\000.\0004\000.\0003\000.\0005\000\040\000i\000n\000i\000c\000i\000a\000r\000\050\000\051}{subsection.5.4.3}% 49
\BOOKMARK [3][-]{subsubsection.5.4.3.6}{\376\377\0005\000.\0004\000.\0003\000.\0006\000\040\000r\000e\000a\000l\000i\000z\000a\000r\000J\000o\000g\000a\000d\000a\000\050\000\051}{subsection.5.4.3}% 50
\BOOKMARK [3][-]{subsubsection.5.4.3.7}{\376\377\0005\000.\0004\000.\0003\000.\0007\000\040\000r\000e\000a\000l\000i\000z\000a\000r\000J\000o\000g\000a\000d\000a\000I\000A\000\050\000\051}{subsection.5.4.3}% 51
\BOOKMARK [3][-]{subsubsection.5.4.3.8}{\376\377\0005\000.\0004\000.\0003\000.\0008\000\040\000v\000a\000l\000i\000d\000a\000r\000J\000o\000g\000a\000d\000a\000\050\000\051}{subsection.5.4.3}% 52
\BOOKMARK [3][-]{subsubsection.5.4.3.9}{\376\377\0005\000.\0004\000.\0003\000.\0009\000\040\000v\000e\000r\000i\000f\000i\000c\000a\000r\000V\000i\000t\000o\000r\000i\000a\000\050\000\051}{subsection.5.4.3}% 53
\BOOKMARK [1][-]{section.5.5}{\376\377\0005\000.\0005\000\040\000L\000i\000g\0004\000\040\000C\000l\000a\000s\000s\000\040\000R\000e\000f\000e\000r\000e\000n\000c\000e}{chapter.5}% 54
\BOOKMARK [2][-]{subsection.5.5.1}{\376\377\0005\000.\0005\000.\0001\000\040\000D\000e\000t\000a\000i\000l\000e\000d\000\040\000D\000e\000s\000c\000r\000i\000p\000t\000i\000o\000n}{section.5.5}% 55
\BOOKMARK [2][-]{subsection.5.5.2}{\376\377\0005\000.\0005\000.\0002\000\040\000M\000e\000m\000b\000e\000r\000\040\000F\000u\000n\000c\000t\000i\000o\000n\000\040\000D\000o\000c\000u\000m\000e\000n\000t\000a\000t\000i\000o\000n}{section.5.5}% 56
\BOOKMARK [3][-]{subsubsection.5.5.2.1}{\376\377\0005\000.\0005\000.\0002\000.\0001\000\040\000a\000l\000t\000e\000r\000n\000a\000r\000J\000o\000g\000a\000d\000o\000r\000\050\000\051}{subsection.5.5.2}% 57
\BOOKMARK [3][-]{subsubsection.5.5.2.2}{\376\377\0005\000.\0005\000.\0002\000.\0002\000\040\000e\000m\000p\000a\000t\000e\000P\000a\000r\000t\000i\000d\000a\000\050\000\051}{subsection.5.5.2}% 58
\BOOKMARK [3][-]{subsubsection.5.5.2.3}{\376\377\0005\000.\0005\000.\0002\000.\0003\000\040\000g\000e\000t\000A\000l\000t\000u\000r\000a\000\050\000\051}{subsection.5.5.2}% 59
\BOOKMARK [3][-]{subsubsection.5.5.2.4}{\376\377\0005\000.\0005\000.\0002\000.\0004\000\040\000g\000e\000t\000L\000a\000r\000g\000u\000r\000a\000\050\000\051}{subsection.5.5.2}% 60
\BOOKMARK [3][-]{subsubsection.5.5.2.5}{\376\377\0005\000.\0005\000.\0002\000.\0005\000\040\000i\000m\000p\000r\000i\000m\000i\000r\000T\000a\000b\000u\000l\000e\000i\000r\000o\000\050\000\051}{subsection.5.5.2}% 61
\BOOKMARK [3][-]{subsubsection.5.5.2.6}{\376\377\0005\000.\0005\000.\0002\000.\0006\000\040\000i\000n\000i\000c\000i\000a\000r\000\050\000\051}{subsection.5.5.2}% 62
\BOOKMARK [3][-]{subsubsection.5.5.2.7}{\376\377\0005\000.\0005\000.\0002\000.\0007\000\040\000r\000e\000a\000l\000i\000z\000a\000r\000J\000o\000g\000a\000d\000a\000\050\000\051}{subsection.5.5.2}% 63
\BOOKMARK [3][-]{subsubsection.5.5.2.8}{\376\377\0005\000.\0005\000.\0002\000.\0008\000\040\000r\000e\000a\000l\000i\000z\000a\000r\000J\000o\000g\000a\000d\000a\000I\000A\000\050\000\051}{subsection.5.5.2}% 64
\BOOKMARK [3][-]{subsubsection.5.5.2.9}{\376\377\0005\000.\0005\000.\0002\000.\0009\000\040\000r\000e\000a\000l\000i\000z\000a\000r\000J\000o\000g\000a\000d\000a\000N\000a\000C\000o\000l\000u\000n\000a\000\050\000\051}{subsection.5.5.2}% 65
\BOOKMARK [3][-]{subsubsection.5.5.2.10}{\376\377\0005\000.\0005\000.\0002\000.\0001\0000\000\040\000v\000a\000l\000i\000d\000a\000r\000J\000o\000g\000a\000d\000a\000\050\000\051}{subsection.5.5.2}% 66
\BOOKMARK [3][-]{subsubsection.5.5.2.11}{\376\377\0005\000.\0005\000.\0002\000.\0001\0001\000\040\000v\000e\000r\000i\000f\000i\000c\000a\000r\000V\000i\000t\000o\000r\000i\000a\000\050\000\051}{subsection.5.5.2}% 67
\BOOKMARK [1][-]{section.5.6}{\376\377\0005\000.\0006\000\040\000R\000e\000v\000e\000r\000s\000i\000\040\000C\000l\000a\000s\000s\000\040\000R\000e\000f\000e\000r\000e\000n\000c\000e}{chapter.5}% 68
\BOOKMARK [2][-]{subsection.5.6.1}{\376\377\0005\000.\0006\000.\0001\000\040\000D\000e\000t\000a\000i\000l\000e\000d\000\040\000D\000e\000s\000c\000r\000i\000p\000t\000i\000o\000n}{section.5.6}% 69
\BOOKMARK [2][-]{subsection.5.6.2}{\376\377\0005\000.\0006\000.\0002\000\040\000M\000e\000m\000b\000e\000r\000\040\000F\000u\000n\000c\000t\000i\000o\000n\000\040\000D\000o\000c\000u\000m\000e\000n\000t\000a\000t\000i\000o\000n}{section.5.6}% 70
\BOOKMARK [3][-]{subsubsection.5.6.2.1}{\376\377\0005\000.\0006\000.\0002\000.\0001\000\040\000e\000m\000p\000a\000t\000e\000P\000a\000r\000t\000i\000d\000a\000\050\000\051}{subsection.5.6.2}% 71
\BOOKMARK [3][-]{subsubsection.5.6.2.2}{\376\377\0005\000.\0006\000.\0002\000.\0002\000\040\000g\000e\000t\000A\000l\000t\000u\000r\000a\000\050\000\051}{subsection.5.6.2}% 72
\BOOKMARK [3][-]{subsubsection.5.6.2.3}{\376\377\0005\000.\0006\000.\0002\000.\0003\000\040\000g\000e\000t\000L\000a\000r\000g\000u\000r\000a\000\050\000\051}{subsection.5.6.2}% 73
\BOOKMARK [3][-]{subsubsection.5.6.2.4}{\376\377\0005\000.\0006\000.\0002\000.\0004\000\040\000i\000m\000p\000r\000i\000m\000i\000r\000T\000a\000b\000u\000l\000e\000i\000r\000o\000\050\000\051}{subsection.5.6.2}% 74
\BOOKMARK [3][-]{subsubsection.5.6.2.5}{\376\377\0005\000.\0006\000.\0002\000.\0005\000\040\000i\000n\000i\000c\000i\000a\000r\000\050\000\051}{subsection.5.6.2}% 75
\BOOKMARK [3][-]{subsubsection.5.6.2.6}{\376\377\0005\000.\0006\000.\0002\000.\0006\000\040\000r\000e\000a\000l\000i\000z\000a\000r\000J\000o\000g\000a\000d\000a\000\050\000\051}{subsection.5.6.2}% 76
\BOOKMARK [3][-]{subsubsection.5.6.2.7}{\376\377\0005\000.\0006\000.\0002\000.\0007\000\040\000r\000e\000a\000l\000i\000z\000a\000r\000J\000o\000g\000a\000d\000a\000I\000A\000\050\000\051}{subsection.5.6.2}% 77
\BOOKMARK [3][-]{subsubsection.5.6.2.8}{\376\377\0005\000.\0006\000.\0002\000.\0008\000\040\000v\000a\000l\000i\000d\000a\000r\000J\000o\000g\000a\000d\000a\000\050\000\051}{subsection.5.6.2}% 78
\BOOKMARK [3][-]{subsubsection.5.6.2.9}{\376\377\0005\000.\0006\000.\0002\000.\0009\000\040\000v\000e\000r\000i\000f\000i\000c\000a\000r\000V\000i\000t\000o\000r\000i\000a\000\050\000\051}{subsection.5.6.2}% 79
\BOOKMARK [2][-]{subsection.5.6.3}{\376\377\0005\000.\0006\000.\0003\000\040\000M\000e\000m\000b\000e\000r\000\040\000D\000a\000t\000a\000\040\000D\000o\000c\000u\000m\000e\000n\000t\000a\000t\000i\000o\000n}{section.5.6}% 80
\BOOKMARK [3][-]{subsubsection.5.6.3.1}{\376\377\0005\000.\0006\000.\0003\000.\0001\000\040\000j\000o\000g\000a\000d\000o\000r\000A\000t\000u\000a\000l}{subsection.5.6.3}% 81
\BOOKMARK [3][-]{subsubsection.5.6.3.2}{\376\377\0005\000.\0006\000.\0003\000.\0002\000\040\000t\000a\000b\000u\000l\000e\000i\000r\000o}{subsection.5.6.3}% 82
\BOOKMARK [1][-]{section.5.7}{\376\377\0005\000.\0007\000\040\000S\000i\000s\000t\000e\000m\000a\000\040\000C\000l\000a\000s\000s\000\040\000R\000e\000f\000e\000r\000e\000n\000c\000e}{chapter.5}% 83
\BOOKMARK [2][-]{subsection.5.7.1}{\376\377\0005\000.\0007\000.\0001\000\040\000D\000e\000t\000a\000i\000l\000e\000d\000\040\000D\000e\000s\000c\000r\000i\000p\000t\000i\000o\000n}{section.5.7}% 84
\BOOKMARK [2][-]{subsection.5.7.2}{\376\377\0005\000.\0007\000.\0002\000\040\000M\000e\000m\000b\000e\000r\000\040\000F\000u\000n\000c\000t\000i\000o\000n\000\040\000D\000o\000c\000u\000m\000e\000n\000t\000a\000t\000i\000o\000n}{section.5.7}% 85
\BOOKMARK [3][-]{subsubsection.5.7.2.1}{\376\377\0005\000.\0007\000.\0002\000.\0001\000\040\000c\000a\000d\000a\000s\000t\000r\000a\000r\000J\000o\000g\000a\000d\000o\000r\000\050\000\051}{subsection.5.7.2}% 86
\BOOKMARK [3][-]{subsubsection.5.7.2.2}{\376\377\0005\000.\0007\000.\0002\000.\0002\000\040\000e\000x\000e\000c\000u\000t\000a\000r\000\050\000\051}{subsection.5.7.2}% 87
\BOOKMARK [3][-]{subsubsection.5.7.2.3}{\376\377\0005\000.\0007\000.\0002\000.\0003\000\040\000e\000x\000e\000c\000u\000t\000a\000r\000P\000a\000r\000t\000i\000d\000a\000\050\000\051}{subsection.5.7.2}% 88
\BOOKMARK [3][-]{subsubsection.5.7.2.4}{\376\377\0005\000.\0007\000.\0002\000.\0004\000\040\000f\000i\000n\000a\000l\000i\000z\000a\000r\000S\000i\000s\000t\000e\000m\000a\000\050\000\051}{subsection.5.7.2}% 89
\BOOKMARK [3][-]{subsubsection.5.7.2.5}{\376\377\0005\000.\0007\000.\0002\000.\0005\000\040\000l\000i\000s\000t\000a\000r\000J\000o\000g\000a\000d\000o\000r\000e\000s\000\050\000\051}{subsection.5.7.2}% 90
\BOOKMARK [3][-]{subsubsection.5.7.2.6}{\376\377\0005\000.\0007\000.\0002\000.\0006\000\040\000r\000e\000m\000o\000v\000e\000r\000J\000o\000g\000a\000d\000o\000r\000\050\000\051}{subsection.5.7.2}% 91
\BOOKMARK [0][-]{chapter.6}{\376\377\0006\000\040\000F\000i\000l\000e\000\040\000D\000o\000c\000u\000m\000e\000n\000t\000a\000t\000i\000o\000n}{}% 92
\BOOKMARK [1][-]{section.6.1}{\376\377\0006\000.\0001\000\040\000i\000n\000c\000l\000u\000d\000e\000/\000C\000a\000d\000a\000s\000t\000r\000o\000J\000o\000g\000a\000d\000o\000r\000e\000s\000.\000h\000p\000p\000\040\000F\000i\000l\000e\000\040\000R\000e\000f\000e\000r\000e\000n\000c\000e}{chapter.6}% 93
\BOOKMARK [1][-]{section.6.2}{\376\377\0006\000.\0002\000\040\000i\000n\000c\000l\000u\000d\000e\000/\000I\000A\000.\000h\000p\000p\000\040\000F\000i\000l\000e\000\040\000R\000e\000f\000e\000r\000e\000n\000c\000e}{chapter.6}% 94
\BOOKMARK [1][-]{section.6.3}{\376\377\0006\000.\0003\000\040\000i\000n\000c\000l\000u\000d\000e\000/\000J\000o\000g\000a\000d\000o\000r\000.\000h\000p\000p\000\040\000F\000i\000l\000e\000\040\000R\000e\000f\000e\000r\000e\000n\000c\000e}{chapter.6}% 95
\BOOKMARK [1][-]{section.6.4}{\376\377\0006\000.\0004\000\040\000i\000n\000c\000l\000u\000d\000e\000/\000J\000o\000g\000o\000.\000h\000p\000p\000\040\000F\000i\000l\000e\000\040\000R\000e\000f\000e\000r\000e\000n\000c\000e}{chapter.6}% 96
\BOOKMARK [1][-]{section.6.5}{\376\377\0006\000.\0005\000\040\000i\000n\000c\000l\000u\000d\000e\000/\000L\000i\000g\0004\000.\000h\000p\000p\000\040\000F\000i\000l\000e\000\040\000R\000e\000f\000e\000r\000e\000n\000c\000e}{chapter.6}% 97
\BOOKMARK [1][-]{section.6.6}{\376\377\0006\000.\0006\000\040\000i\000n\000c\000l\000u\000d\000e\000/\000R\000e\000v\000e\000r\000s\000i\000.\000h\000p\000p\000\040\000F\000i\000l\000e\000\040\000R\000e\000f\000e\000r\000e\000n\000c\000e}{chapter.6}% 98
\BOOKMARK [1][-]{section.6.7}{\376\377\0006\000.\0007\000\040\000i\000n\000c\000l\000u\000d\000e\000/\000S\000i\000s\000t\000e\000m\000a\000.\000h\000p\000p\000\040\000F\000i\000l\000e\000\040\000R\000e\000f\000e\000r\000e\000n\000c\000e}{chapter.6}% 99
\BOOKMARK [1][-]{section.6.8}{\376\377\0006\000.\0008\000\040\000R\000E\000A\000D\000M\000E\000.\000m\000d\000\040\000F\000i\000l\000e\000\040\000R\000e\000f\000e\000r\000e\000n\000c\000e}{chapter.6}% 100
\BOOKMARK [1][-]{section.6.9}{\376\377\0006\000.\0009\000\040\000s\000r\000c\000/\000C\000a\000d\000a\000s\000t\000r\000o\000J\000o\000g\000a\000d\000o\000r\000e\000s\000.\000c\000p\000p\000\040\000F\000i\000l\000e\000\040\000R\000e\000f\000e\000r\000e\000n\000c\000e}{chapter.6}% 101
\BOOKMARK [1][-]{section.6.10}{\376\377\0006\000.\0001\0000\000\040\000s\000r\000c\000/\000I\000A\000.\000c\000p\000p\000\040\000F\000i\000l\000e\000\040\000R\000e\000f\000e\000r\000e\000n\000c\000e}{chapter.6}% 102
\BOOKMARK [1][-]{section.6.11}{\376\377\0006\000.\0001\0001\000\040\000s\000r\000c\000/\000J\000o\000g\000a\000d\000o\000r\000.\000c\000p\000p\000\040\000F\000i\000l\000e\000\040\000R\000e\000f\000e\000r\000e\000n\000c\000e}{chapter.6}% 103
\BOOKMARK [1][-]{section.6.12}{\376\377\0006\000.\0001\0002\000\040\000s\000r\000c\000/\000J\000o\000g\000o\000.\000c\000p\000p\000\040\000F\000i\000l\000e\000\040\000R\000e\000f\000e\000r\000e\000n\000c\000e}{chapter.6}% 104
\BOOKMARK [1][-]{section.6.13}{\376\377\0006\000.\0001\0003\000\040\000s\000r\000c\000/\000L\000i\000g\0004\000.\000c\000p\000p\000\040\000F\000i\000l\000e\000\040\000R\000e\000f\000e\000r\000e\000n\000c\000e}{chapter.6}% 105
\BOOKMARK [1][-]{section.6.14}{\376\377\0006\000.\0001\0004\000\040\000s\000r\000c\000/\000m\000a\000i\000n\000.\000c\000p\000p\000\040\000F\000i\000l\000e\000\040\000R\000e\000f\000e\000r\000e\000n\000c\000e}{chapter.6}% 106
\BOOKMARK [2][-]{subsection.6.14.1}{\376\377\0006\000.\0001\0004\000.\0001\000\040\000D\000e\000t\000a\000i\000l\000e\000d\000\040\000D\000e\000s\000c\000r\000i\000p\000t\000i\000o\000n}{section.6.14}% 107
\BOOKMARK [2][-]{subsection.6.14.2}{\376\377\0006\000.\0001\0004\000.\0002\000\040\000F\000u\000n\000c\000t\000i\000o\000n\000\040\000D\000o\000c\000u\000m\000e\000n\000t\000a\000t\000i\000o\000n}{section.6.14}% 108
\BOOKMARK [3][-]{subsubsection.6.14.2.1}{\376\377\0006\000.\0001\0004\000.\0002\000.\0001\000\040\000m\000a\000i\000n\000\050\000\051}{subsection.6.14.2}% 109
\BOOKMARK [1][-]{section.6.15}{\376\377\0006\000.\0001\0005\000\040\000s\000r\000c\000/\000R\000e\000v\000e\000r\000s\000i\000.\000c\000p\000p\000\040\000F\000i\000l\000e\000\040\000R\000e\000f\000e\000r\000e\000n\000c\000e}{chapter.6}% 110
\BOOKMARK [1][-]{section.6.16}{\376\377\0006\000.\0001\0006\000\040\000s\000r\000c\000/\000S\000i\000s\000t\000e\000m\000a\000.\000c\000p\000p\000\040\000F\000i\000l\000e\000\040\000R\000e\000f\000e\000r\000e\000n\000c\000e}{chapter.6}% 111
\BOOKMARK [1][-]{section.6.17}{\376\377\0006\000.\0001\0007\000\040\000t\000e\000s\000t\000s\000/\000T\000e\000s\000t\000e\000C\000a\000d\000a\000s\000t\000r\000o\000J\000o\000g\000a\000d\000o\000r\000e\000s\000.\000c\000p\000p\000\040\000F\000i\000l\000e\000\040\000R\000e\000f\000e\000r\000e\000n\000c\000e}{chapter.6}% 112
\BOOKMARK [2][-]{subsection.6.17.1}{\376\377\0006\000.\0001\0007\000.\0001\000\040\000F\000u\000n\000c\000t\000i\000o\000n\000\040\000D\000o\000c\000u\000m\000e\000n\000t\000a\000t\000i\000o\000n}{section.6.17}% 113
\BOOKMARK [3][-]{subsubsection.6.17.1.1}{\376\377\0006\000.\0001\0007\000.\0001\000.\0001\000\040\000T\000E\000S\000T\000\137\000C\000A\000S\000E\000\050\000\051\000\040\000[\0001\000/\0004\000]}{subsection.6.17.1}% 114
\BOOKMARK [3][-]{subsubsection.6.17.1.2}{\376\377\0006\000.\0001\0007\000.\0001\000.\0002\000\040\000T\000E\000S\000T\000\137\000C\000A\000S\000E\000\050\000\051\000\040\000[\0002\000/\0004\000]}{subsection.6.17.1}% 115
\BOOKMARK [3][-]{subsubsection.6.17.1.3}{\376\377\0006\000.\0001\0007\000.\0001\000.\0003\000\040\000T\000E\000S\000T\000\137\000C\000A\000S\000E\000\050\000\051\000\040\000[\0003\000/\0004\000]}{subsection.6.17.1}% 116
\BOOKMARK [3][-]{subsubsection.6.17.1.4}{\376\377\0006\000.\0001\0007\000.\0001\000.\0004\000\040\000T\000E\000S\000T\000\137\000C\000A\000S\000E\000\050\000\051\000\040\000[\0004\000/\0004\000]}{subsection.6.17.1}% 117
\BOOKMARK [1][-]{section.6.18}{\376\377\0006\000.\0001\0008\000\040\000t\000e\000s\000t\000s\000/\000T\000e\000s\000t\000e\000I\000A\000.\000c\000p\000p\000\040\000F\000i\000l\000e\000\040\000R\000e\000f\000e\000r\000e\000n\000c\000e}{chapter.6}% 118
\BOOKMARK [2][-]{subsection.6.18.1}{\376\377\0006\000.\0001\0008\000.\0001\000\040\000M\000a\000c\000r\000o\000\040\000D\000e\000f\000i\000n\000i\000t\000i\000o\000n\000\040\000D\000o\000c\000u\000m\000e\000n\000t\000a\000t\000i\000o\000n}{section.6.18}% 119
\BOOKMARK [3][-]{subsubsection.6.18.1.1}{\376\377\0006\000.\0001\0008\000.\0001\000.\0001\000\040\000D\000O\000C\000T\000E\000S\000T\000\137\000C\000O\000N\000F\000I\000G\000\137\000I\000M\000P\000L\000E\000M\000E\000N\000T\000\137\000W\000I\000T\000H\000\137\000M\000A\000I\000N}{subsection.6.18.1}% 120
\BOOKMARK [2][-]{subsection.6.18.2}{\376\377\0006\000.\0001\0008\000.\0002\000\040\000F\000u\000n\000c\000t\000i\000o\000n\000\040\000D\000o\000c\000u\000m\000e\000n\000t\000a\000t\000i\000o\000n}{section.6.18}% 121
\BOOKMARK [3][-]{subsubsection.6.18.2.1}{\376\377\0006\000.\0001\0008\000.\0002\000.\0001\000\040\000T\000E\000S\000T\000\137\000C\000A\000S\000E\000\050\000\051\000\040\000[\0001\000/\0002\000]}{subsection.6.18.2}% 122
\BOOKMARK [3][-]{subsubsection.6.18.2.2}{\376\377\0006\000.\0001\0008\000.\0002\000.\0002\000\040\000T\000E\000S\000T\000\137\000C\000A\000S\000E\000\050\000\051\000\040\000[\0002\000/\0002\000]}{subsection.6.18.2}% 123
\BOOKMARK [1][-]{section.6.19}{\376\377\0006\000.\0001\0009\000\040\000t\000e\000s\000t\000s\000/\000T\000e\000s\000t\000e\000J\000o\000g\000a\000d\000o\000r\000.\000c\000p\000p\000\040\000F\000i\000l\000e\000\040\000R\000e\000f\000e\000r\000e\000n\000c\000e}{chapter.6}% 124
\BOOKMARK [2][-]{subsection.6.19.1}{\376\377\0006\000.\0001\0009\000.\0001\000\040\000F\000u\000n\000c\000t\000i\000o\000n\000\040\000D\000o\000c\000u\000m\000e\000n\000t\000a\000t\000i\000o\000n}{section.6.19}% 125
\BOOKMARK [3][-]{subsubsection.6.19.1.1}{\376\377\0006\000.\0001\0009\000.\0001\000.\0001\000\040\000T\000E\000S\000T\000\137\000C\000A\000S\000E\000\050\000\051\000\040\000[\0001\000/\0002\000]}{subsection.6.19.1}% 126
\BOOKMARK [3][-]{subsubsection.6.19.1.2}{\376\377\0006\000.\0001\0009\000.\0001\000.\0002\000\040\000T\000E\000S\000T\000\137\000C\000A\000S\000E\000\050\000\051\000\040\000[\0002\000/\0002\000]}{subsection.6.19.1}% 127
\BOOKMARK [1][-]{section.6.20}{\376\377\0006\000.\0002\0000\000\040\000t\000e\000s\000t\000s\000/\000T\000e\000s\000t\000e\000J\000o\000g\000o\000.\000c\000p\000p\000\040\000F\000i\000l\000e\000\040\000R\000e\000f\000e\000r\000e\000n\000c\000e}{chapter.6}% 128
\BOOKMARK [1][-]{section.6.21}{\376\377\0006\000.\0002\0001\000\040\000t\000e\000s\000t\000s\000/\000T\000e\000s\000t\000e\000L\000i\000g\0004\000.\000c\000p\000p\000\040\000F\000i\000l\000e\000\040\000R\000e\000f\000e\000r\000e\000n\000c\000e}{chapter.6}% 129
\BOOKMARK [2][-]{subsection.6.21.1}{\376\377\0006\000.\0002\0001\000.\0001\000\040\000F\000u\000n\000c\000t\000i\000o\000n\000\040\000D\000o\000c\000u\000m\000e\000n\000t\000a\000t\000i\000o\000n}{section.6.21}% 130
\BOOKMARK [3][-]{subsubsection.6.21.1.1}{\376\377\0006\000.\0002\0001\000.\0001\000.\0001\000\040\000T\000E\000S\000T\000\137\000C\000A\000S\000E\000\050\000\051\000\040\000[\0001\000/\0004\000]}{subsection.6.21.1}% 131
\BOOKMARK [3][-]{subsubsection.6.21.1.2}{\376\377\0006\000.\0002\0001\000.\0001\000.\0002\000\040\000T\000E\000S\000T\000\137\000C\000A\000S\000E\000\050\000\051\000\040\000[\0002\000/\0004\000]}{subsection.6.21.1}% 132
\BOOKMARK [3][-]{subsubsection.6.21.1.3}{\376\377\0006\000.\0002\0001\000.\0001\000.\0003\000\040\000T\000E\000S\000T\000\137\000C\000A\000S\000E\000\050\000\051\000\040\000[\0003\000/\0004\000]}{subsection.6.21.1}% 133
\BOOKMARK [3][-]{subsubsection.6.21.1.4}{\376\377\0006\000.\0002\0001\000.\0001\000.\0004\000\040\000T\000E\000S\000T\000\137\000C\000A\000S\000E\000\050\000\051\000\040\000[\0004\000/\0004\000]}{subsection.6.21.1}% 134
\BOOKMARK [1][-]{section.6.22}{\376\377\0006\000.\0002\0002\000\040\000t\000e\000s\000t\000s\000/\000T\000e\000s\000t\000e\000R\000e\000v\000e\000r\000s\000i\000.\000c\000p\000p\000\040\000F\000i\000l\000e\000\040\000R\000e\000f\000e\000r\000e\000n\000c\000e}{chapter.6}% 135
\BOOKMARK [2][-]{subsection.6.22.1}{\376\377\0006\000.\0002\0002\000.\0001\000\040\000M\000a\000c\000r\000o\000\040\000D\000e\000f\000i\000n\000i\000t\000i\000o\000n\000\040\000D\000o\000c\000u\000m\000e\000n\000t\000a\000t\000i\000o\000n}{section.6.22}% 136
\BOOKMARK [3][-]{subsubsection.6.22.1.1}{\376\377\0006\000.\0002\0002\000.\0001\000.\0001\000\040\000D\000O\000C\000T\000E\000S\000T\000\137\000C\000O\000N\000F\000I\000G\000\137\000I\000M\000P\000L\000E\000M\000E\000N\000T\000\137\000W\000I\000T\000H\000\137\000M\000A\000I\000N}{subsection.6.22.1}% 137
\BOOKMARK [2][-]{subsection.6.22.2}{\376\377\0006\000.\0002\0002\000.\0002\000\040\000F\000u\000n\000c\000t\000i\000o\000n\000\040\000D\000o\000c\000u\000m\000e\000n\000t\000a\000t\000i\000o\000n}{section.6.22}% 138
\BOOKMARK [3][-]{subsubsection.6.22.2.1}{\376\377\0006\000.\0002\0002\000.\0002\000.\0001\000\040\000c\000o\000n\000t\000a\000r\000P\000e\000c\000a\000s\000\050\000\051}{subsection.6.22.2}% 139
\BOOKMARK [3][-]{subsubsection.6.22.2.2}{\376\377\0006\000.\0002\0002\000.\0002\000.\0002\000\040\000T\000E\000S\000T\000\137\000C\000A\000S\000E\000\050\000\051\000\040\000[\0001\000/\0005\000]}{subsection.6.22.2}% 140
\BOOKMARK [3][-]{subsubsection.6.22.2.3}{\376\377\0006\000.\0002\0002\000.\0002\000.\0003\000\040\000T\000E\000S\000T\000\137\000C\000A\000S\000E\000\050\000\051\000\040\000[\0002\000/\0005\000]}{subsection.6.22.2}% 141
\BOOKMARK [3][-]{subsubsection.6.22.2.4}{\376\377\0006\000.\0002\0002\000.\0002\000.\0004\000\040\000T\000E\000S\000T\000\137\000C\000A\000S\000E\000\050\000\051\000\040\000[\0003\000/\0005\000]}{subsection.6.22.2}% 142
\BOOKMARK [3][-]{subsubsection.6.22.2.5}{\376\377\0006\000.\0002\0002\000.\0002\000.\0005\000\040\000T\000E\000S\000T\000\137\000C\000A\000S\000E\000\050\000\051\000\040\000[\0004\000/\0005\000]}{subsection.6.22.2}% 143
\BOOKMARK [3][-]{subsubsection.6.22.2.6}{\376\377\0006\000.\0002\0002\000.\0002\000.\0006\000\040\000T\000E\000S\000T\000\137\000C\000A\000S\000E\000\050\000\051\000\040\000[\0005\000/\0005\000]}{subsection.6.22.2}% 144
\BOOKMARK [1][-]{section.6.23}{\376\377\0006\000.\0002\0003\000\040\000t\000e\000s\000t\000s\000/\000T\000e\000s\000t\000e\000S\000i\000s\000t\000e\000m\000a\000.\000c\000p\000p\000\040\000F\000i\000l\000e\000\040\000R\000e\000f\000e\000r\000e\000n\000c\000e}{chapter.6}% 145
\BOOKMARK [2][-]{subsection.6.23.1}{\376\377\0006\000.\0002\0003\000.\0001\000\040\000M\000a\000c\000r\000o\000\040\000D\000e\000f\000i\000n\000i\000t\000i\000o\000n\000\040\000D\000o\000c\000u\000m\000e\000n\000t\000a\000t\000i\000o\000n}{section.6.23}% 146
\BOOKMARK [3][-]{subsubsection.6.23.1.1}{\376\377\0006\000.\0002\0003\000.\0001\000.\0001\000\040\000D\000O\000C\000T\000E\000S\000T\000\137\000C\000O\000N\000F\000I\000G\000\137\000I\000M\000P\000L\000E\000M\000E\000N\000T\000\137\000W\000I\000T\000H\000\137\000M\000A\000I\000N}{subsection.6.23.1}% 147
\BOOKMARK [2][-]{subsection.6.23.2}{\376\377\0006\000.\0002\0003\000.\0002\000\040\000F\000u\000n\000c\000t\000i\000o\000n\000\040\000D\000o\000c\000u\000m\000e\000n\000t\000a\000t\000i\000o\000n}{section.6.23}% 148
\BOOKMARK [3][-]{subsubsection.6.23.2.1}{\376\377\0006\000.\0002\0003\000.\0002\000.\0001\000\040\000m\000a\000i\000n\000\050\000\051}{subsection.6.23.2}% 149
\BOOKMARK [3][-]{subsubsection.6.23.2.2}{\376\377\0006\000.\0002\0003\000.\0002\000.\0002\000\040\000T\000E\000S\000T\000\137\000C\000A\000S\000E\000\050\000\051\000\040\000[\0001\000/\0005\000]}{subsection.6.23.2}% 150
\BOOKMARK [3][-]{subsubsection.6.23.2.3}{\376\377\0006\000.\0002\0003\000.\0002\000.\0003\000\040\000T\000E\000S\000T\000\137\000C\000A\000S\000E\000\050\000\051\000\040\000[\0002\000/\0005\000]}{subsection.6.23.2}% 151
\BOOKMARK [3][-]{subsubsection.6.23.2.4}{\376\377\0006\000.\0002\0003\000.\0002\000.\0004\000\040\000T\000E\000S\000T\000\137\000C\000A\000S\000E\000\050\000\051\000\040\000[\0003\000/\0005\000]}{subsection.6.23.2}% 152
\BOOKMARK [3][-]{subsubsection.6.23.2.5}{\376\377\0006\000.\0002\0003\000.\0002\000.\0005\000\040\000T\000E\000S\000T\000\137\000C\000A\000S\000E\000\050\000\051\000\040\000[\0004\000/\0005\000]}{subsection.6.23.2}% 153
\BOOKMARK [3][-]{subsubsection.6.23.2.6}{\376\377\0006\000.\0002\0003\000.\0002\000.\0006\000\040\000T\000E\000S\000T\000\137\000C\000A\000S\000E\000\050\000\051\000\040\000[\0005\000/\0005\000]}{subsection.6.23.2}% 154
\BOOKMARK [0][-]{section*.62}{\376\377\000I\000n\000d\000e\000x}{}% 155
